<?xml version="1.0" encoding="UTF-8"?>
<testsuite xmlns:xsi="http://www.w3.org/2001/XMLSchema-instance" xsi:noNamespaceSchemaLocation="https://maven.apache.org/surefire/maven-surefire-plugin/xsd/surefire-test-report.xsd" name="fr.macademia.app.AppTest" time="0.099" tests="1" errors="0" skipped="0" failures="0">
  <properties>
    <property name="sun.desktop" value="windows"/>
    <property name="awt.toolkit" value="sun.awt.windows.WToolkit"/>
    <property name="file.encoding.pkg" value="sun.io"/>
    <property name="java.specification.version" value="1.8"/>
    <property name="sun.cpu.isalist" value="amd64"/>
    <property name="sun.jnu.encoding" value="Cp1252"/>
    <property name="java.class.path" value="D:\Workspace\java-ee\monappli\monappli-dao\target\test-classes;D:\Workspace\java-ee\monappli\monappli-dao\target\classes;D:\Workspace\m2\repository\junit\junit\4.11\junit-4.11.jar;D:\Workspace\m2\repository\org\hamcrest\hamcrest-core\1.3\hamcrest-core-1.3.jar;D:\Workspace\java-ee\monappli\monappli-domaine\target\monappli-domaine-1.0-SNAPSHOT.jar;D:\Workspace\m2\repository\org\hibernate\hibernate-core\5.4.1.Final\hibernate-core-5.4.1.Final.jar;D:\Workspace\m2\repository\org\jboss\logging\jboss-logging\3.3.2.Final\jboss-logging-3.3.2.Final.jar;D:\Workspace\m2\repository\javax\persistence\javax.persistence-api\2.2\javax.persistence-api-2.2.jar;D:\Workspace\m2\repository\org\javassist\javassist\3.24.0-GA\javassist-3.24.0-GA.jar;D:\Workspace\m2\repository\net\bytebuddy\byte-buddy\1.9.5\byte-buddy-1.9.5.jar;D:\Workspace\m2\repository\antlr\antlr\2.7.7\antlr-2.7.7.jar;D:\Workspace\m2\repository\org\jboss\spec\javax\transaction\jboss-transaction-api_1.2_spec\1.1.1.Final\jboss-transaction-api_1.2_spec-1.1.1.Final.jar;D:\Workspace\m2\repository\org\jboss\jandex\2.0.5.Final\jandex-2.0.5.Final.jar;D:\Workspace\m2\repository\com\fasterxml\classmate\1.3.4\classmate-1.3.4.jar;D:\Workspace\m2\repository\javax\activation\javax.activation-api\1.2.0\javax.activation-api-1.2.0.jar;D:\Workspace\m2\repository\org\dom4j\dom4j\2.1.1\dom4j-2.1.1.jar;D:\Workspace\m2\repository\org\hibernate\common\hibernate-commons-annotations\5.1.0.Final\hibernate-commons-annotations-5.1.0.Final.jar;D:\Workspace\m2\repository\javax\xml\bind\jaxb-api\2.3.1\jaxb-api-2.3.1.jar;D:\Workspace\m2\repository\org\glassfish\jaxb\jaxb-runtime\2.3.1\jaxb-runtime-2.3.1.jar;D:\Workspace\m2\repository\org\glassfish\jaxb\txw2\2.3.1\txw2-2.3.1.jar;D:\Workspace\m2\repository\com\sun\istack\istack-commons-runtime\3.0.7\istack-commons-runtime-3.0.7.jar;D:\Workspace\m2\repository\org\jvnet\staxex\stax-ex\1.8\stax-ex-1.8.jar;D:\Workspace\m2\repository\com\sun\xml\fastinfoset\FastInfoset\1.2.15\FastInfoset-1.2.15.jar;"/>
    <property name="java.vm.vendor" value="Oracle Corporation"/>
    <property name="sun.arch.data.model" value="64"/>
    <property name="user.variant" value=""/>
    <property name="java.vendor.url" value="http://java.oracle.com/"/>
    <property name="user.timezone" value="Europe/Paris"/>
    <property name="java.vm.specification.version" value="1.8"/>
    <property name="os.name" value="Windows 10"/>
    <property name="user.country" value="FR"/>
    <property name="sun.java.launcher" value="SUN_STANDARD"/>
    <property name="sun.boot.library.path" value="C:\Program Files\Java\jdk1.8.0_151\jre\bin"/>
    <property name="sun.java.command" value="C:\Users\Abdel\AppData\Local\Temp\surefire8937974776800318853\surefirebooter8806725327719074619.jar C:\Users\Abdel\AppData\Local\Temp\surefire8937974776800318853 2019-02-10T19-43-21_912-jvmRun1 surefire9049494313360619551tmp surefire_1318283741092287593tmp"/>
    <property name="surefire.test.class.path" value="D:\Workspace\java-ee\monappli\monappli-dao\target\test-classes;D:\Workspace\java-ee\monappli\monappli-dao\target\classes;D:\Workspace\m2\repository\junit\junit\4.11\junit-4.11.jar;D:\Workspace\m2\repository\org\hamcrest\hamcrest-core\1.3\hamcrest-core-1.3.jar;D:\Workspace\java-ee\monappli\monappli-domaine\target\monappli-domaine-1.0-SNAPSHOT.jar;D:\Workspace\m2\repository\org\hibernate\hibernate-core\5.4.1.Final\hibernate-core-5.4.1.Final.jar;D:\Workspace\m2\repository\org\jboss\logging\jboss-logging\3.3.2.Final\jboss-logging-3.3.2.Final.jar;D:\Workspace\m2\repository\javax\persistence\javax.persistence-api\2.2\javax.persistence-api-2.2.jar;D:\Workspace\m2\repository\org\javassist\javassist\3.24.0-GA\javassist-3.24.0-GA.jar;D:\Workspace\m2\repository\net\bytebuddy\byte-buddy\1.9.5\byte-buddy-1.9.5.jar;D:\Workspace\m2\repository\antlr\antlr\2.7.7\antlr-2.7.7.jar;D:\Workspace\m2\repository\org\jboss\spec\javax\transaction\jboss-transaction-api_1.2_spec\1.1.1.Final\jboss-transaction-api_1.2_spec-1.1.1.Final.jar;D:\Workspace\m2\repository\org\jboss\jandex\2.0.5.Final\jandex-2.0.5.Final.jar;D:\Workspace\m2\repository\com\fasterxml\classmate\1.3.4\classmate-1.3.4.jar;D:\Workspace\m2\repository\javax\activation\javax.activation-api\1.2.0\javax.activation-api-1.2.0.jar;D:\Workspace\m2\repository\org\dom4j\dom4j\2.1.1\dom4j-2.1.1.jar;D:\Workspace\m2\repository\org\hibernate\common\hibernate-commons-annotations\5.1.0.Final\hibernate-commons-annotations-5.1.0.Final.jar;D:\Workspace\m2\repository\javax\xml\bind\jaxb-api\2.3.1\jaxb-api-2.3.1.jar;D:\Workspace\m2\repository\org\glassfish\jaxb\jaxb-runtime\2.3.1\jaxb-runtime-2.3.1.jar;D:\Workspace\m2\repository\org\glassfish\jaxb\txw2\2.3.1\txw2-2.3.1.jar;D:\Workspace\m2\repository\com\sun\istack\istack-commons-runtime\3.0.7\istack-commons-runtime-3.0.7.jar;D:\Workspace\m2\repository\org\jvnet\staxex\stax-ex\1.8\stax-ex-1.8.jar;D:\Workspace\m2\repository\com\sun\xml\fastinfoset\FastInfoset\1.2.15\FastInfoset-1.2.15.jar;"/>
    <property name="sun.cpu.endian" value="little"/>
    <property name="user.home" value="C:\Users\Abdel"/>
    <property name="user.language" value="fr"/>
    <property name="java.specification.vendor" value="Oracle Corporation"/>
    <property name="java.home" value="C:\Program Files\Java\jdk1.8.0_151\jre"/>
    <property name="basedir" value="D:\Workspace\java-ee\monappli\monappli-dao"/>
    <property name="file.separator" value="\"/>
    <property name="line.separator" value="&#10;"/>
    <property name="java.vm.specification.vendor" value="Oracle Corporation"/>
    <property name="java.specification.name" value="Java Platform API Specification"/>
    <property name="java.awt.graphicsenv" value="sun.awt.Win32GraphicsEnvironment"/>
    <property name="surefire.real.class.path" value="C:\Users\Abdel\AppData\Local\Temp\surefire8937974776800318853\surefirebooter8806725327719074619.jar"/>
    <property name="sun.boot.class.path" value="C:\Program Files\Java\jdk1.8.0_151\jre\lib\resources.jar;C:\Program Files\Java\jdk1.8.0_151\jre\lib\rt.jar;C:\Program Files\Java\jdk1.8.0_151\jre\lib\sunrsasign.jar;C:\Program Files\Java\jdk1.8.0_151\jre\lib\jsse.jar;C:\Program Files\Java\jdk1.8.0_151\jre\lib\jce.jar;C:\Program Files\Java\jdk1.8.0_151\jre\lib\charsets.jar;C:\Program Files\Java\jdk1.8.0_151\jre\lib\jfr.jar;C:\Program Files\Java\jdk1.8.0_151\jre\classes"/>
    <property name="user.script" value=""/>
    <property name="sun.management.compiler" value="HotSpot 64-Bit Tiered Compilers"/>
    <property name="java.runtime.version" value="1.8.0_151-b12"/>
    <property name="user.name" value="Abdel"/>
    <property name="path.separator" value=";"/>
    <property name="os.version" value="10.0"/>
    <property name="java.endorsed.dirs" value="C:\Program Files\Java\jdk1.8.0_151\jre\lib\endorsed"/>
    <property name="java.runtime.name" value="Java(TM) SE Runtime Environment"/>
    <property name="file.encoding" value="Cp1252"/>
    <property name="java.vm.name" value="Java HotSpot(TM) 64-Bit Server VM"/>
    <property name="localRepository" value="D:\Workspace\m2\repository"/>
    <property name="java.vendor.url.bug" value="http://bugreport.sun.com/bugreport/"/>
    <property name="java.io.tmpdir" value="C:\Users\Abdel\AppData\Local\Temp\"/>
    <property name="java.version" value="1.8.0_151"/>
    <property name="user.dir" value="D:\Workspace\java-ee\monappli\monappli-dao"/>
    <property name="os.arch" value="amd64"/>
    <property name="java.vm.specification.name" value="Java Virtual Machine Specification"/>
    <property name="java.awt.printerjob" value="sun.awt.windows.WPrinterJob"/>
    <property name="sun.os.patch.level" value=""/>
    <property name="java.library.path" value="C:\Program Files\Java\jdk1.8.0_151\jre\bin;C:\WINDOWS\Sun\Java\bin;C:\WINDOWS\system32;C:\WINDOWS;C:\Program Files (x86)\Common Files\Oracle\Java\javapath;C:\ProgramData\Oracle\Java\javapath;C:\Program Files (x86)\Intel\iCLS Client\;C:\Program Files\Intel\iCLS Client\;C:\Windows\system32;C:\Windows;C:\Windows\System32\Wbem;C:\Windows\System32\WindowsPowerShell\v1.0\;C:\Program Files (x86)\Intel\Intel(R) Management Engine Components\DAL;C:\Program Files\Intel\Intel(R) Management Engine Components\DAL;C:\Program Files (x86)\Intel\Intel(R) Management Engine Components\IPT;C:\Program Files\Intel\Intel(R) Management Engine Components\IPT;C:\Program Files (x86)\NVIDIA Corporation\PhysX\Common;C:\Program Files\PuTTY\;C:\Program Files\Git\cmd;C:\WINDOWS\system32;C:\WINDOWS;C:\WINDOWS\System32\Wbem;C:\WINDOWS\System32\WindowsPowerShell\v1.0\;C:\WINDOWS\System32\OpenSSH\;D:\Programmes\Geckodriver;C:\Program Files\nodejs\node_modules\npm\node_modules;C:\Users\Abdel\AppData\Roaming\npm\node_modules;C:\Program Files\nodejs\;C:\Users\Abdel\AppData\Local\Programs\Python\Python37-32;C:\Users\Abdel\AppData\Local\Programs\Python\Python37-32\Scripts;C:\Users\Abdel\AppData\Local\Programs\Python\Python37-32\django;C:\Users\Abdel\AppData\Local\Android\Sdk\platform-tools;C:\Users\Abdel\AppData\Local\Android\Sdk\tools;C:\Users\Abdel\AppData\Local\Android\Sdk\emulator;D:\Workspace\apache-maven-3.5.3\bin;D:\Workspace\spring-boot-cli-2.1.2.RELEASE-bin\bin;D:\Programmes\Geckodriver;C:\Users\Abdel\AppData\Roaming\npm\node_modules;C:\Users\Abdel\AppData\Roaming\npm;C:\Users\Abdel\AppData\Local\Programs\Microsoft VS Code\bin;C:\Program Files (x86)\Python\Python-3.6.5;;."/>
    <property name="java.vm.info" value="mixed mode"/>
    <property name="java.vendor" value="Oracle Corporation"/>
    <property name="java.vm.version" value="25.151-b12"/>
    <property name="java.ext.dirs" value="C:\Program Files\Java\jdk1.8.0_151\jre\lib\ext;C:\WINDOWS\Sun\Java\lib\ext"/>
    <property name="sun.io.unicode.encoding" value="UnicodeLittle"/>
    <property name="java.class.version" value="52.0"/>
  </properties>
  <testcase name="shouldAnswerWithTrue" classname="fr.macademia.app.AppTest" time="0"/>
</testsuite>